  [1m[35m (8.5ms)[0m  [1m[35mCREATE TABLE "schema_migrations" ("version" character varying PRIMARY KEY)[0m
  [1m[35m (28.9ms)[0m  [1m[35mCREATE TABLE "ar_internal_metadata" ("key" character varying PRIMARY KEY, "value" character varying, "created_at" timestamp NOT NULL, "updated_at" timestamp NOT NULL)[0m
  [1m[35m (1.0ms)[0m  [1m[34mSELECT pg_try_advisory_lock(3045707903222284440);[0m
  [1m[36mActiveRecord::SchemaMigration Load (0.4ms)[0m  [1m[34mSELECT "schema_migrations".* FROM "schema_migrations"[0m
Migrating to CreateAnswers (20161112214800)
  [1m[35m (5.8ms)[0m  [1m[35mBEGIN[0m
  [1m[35m (13.9ms)[0m  [1m[35mCREATE TABLE "answers" ("id" serial primary key, "answer_text" character varying, "question_group_id" integer, "next_answer_id" integer, "created_at" timestamp NOT NULL, "updated_at" timestamp NOT NULL)[0m
  [1m[35mSQL (0.5ms)[0m  [1m[32mINSERT INTO "schema_migrations" ("version") VALUES ($1) RETURNING "version"[0m  [["version", "20161112214800"]]
  [1m[35m (6.1ms)[0m  [1m[35mCOMMIT[0m
Migrating to CreateQuestionGroups (20161112215552)
  [1m[35m (6.7ms)[0m  [1m[35mBEGIN[0m
  [1m[35m (9.6ms)[0m  [1m[35mCREATE TABLE "question_groups" ("id" serial primary key, "topic" character varying, "created_at" timestamp NOT NULL, "updated_at" timestamp NOT NULL)[0m
  [1m[35mSQL (0.2ms)[0m  [1m[32mINSERT INTO "schema_migrations" ("version") VALUES ($1) RETURNING "version"[0m  [["version", "20161112215552"]]
  [1m[35m (0.4ms)[0m  [1m[35mCOMMIT[0m
  [1m[36mActiveRecord::InternalMetadata Load (0.3ms)[0m  [1m[34mSELECT  "ar_internal_metadata".* FROM "ar_internal_metadata" WHERE "ar_internal_metadata"."key" = $1 LIMIT $2[0m  [["key", :environment], ["LIMIT", 1]]
  [1m[35m (0.1ms)[0m  [1m[35mBEGIN[0m
  [1m[35mSQL (0.6ms)[0m  [1m[32mINSERT INTO "ar_internal_metadata" ("key", "value", "created_at", "updated_at") VALUES ($1, $2, $3, $4) RETURNING "key"[0m  [["key", "environment"], ["value", "development"], ["created_at", 2016-11-12 22:00:10 UTC], ["updated_at", 2016-11-12 22:00:10 UTC]]
  [1m[35m (0.3ms)[0m  [1m[35mCOMMIT[0m
  [1m[35m (0.3ms)[0m  [1m[34mSELECT pg_advisory_unlock(3045707903222284440)[0m
  [1m[36mActiveRecord::SchemaMigration Load (0.2ms)[0m  [1m[34mSELECT "schema_migrations".* FROM "schema_migrations"[0m
  [1m[35m (2.2ms)[0m  [1m[34mSELECT t2.oid::regclass::text AS to_table, a1.attname AS column, a2.attname AS primary_key, c.conname AS name, c.confupdtype AS on_update, c.confdeltype AS on_delete
FROM pg_constraint c
JOIN pg_class t1 ON c.conrelid = t1.oid
JOIN pg_class t2 ON c.confrelid = t2.oid
JOIN pg_attribute a1 ON a1.attnum = c.conkey[1] AND a1.attrelid = t1.oid
JOIN pg_attribute a2 ON a2.attnum = c.confkey[1] AND a2.attrelid = t2.oid
JOIN pg_namespace t3 ON c.connamespace = t3.oid
WHERE c.contype = 'f'
  AND t1.relname = 'answers'
  AND t3.nspname = ANY (current_schemas(false))
ORDER BY c.conname
[0m
  [1m[35m (1.6ms)[0m  [1m[34mSELECT t2.oid::regclass::text AS to_table, a1.attname AS column, a2.attname AS primary_key, c.conname AS name, c.confupdtype AS on_update, c.confdeltype AS on_delete
FROM pg_constraint c
JOIN pg_class t1 ON c.conrelid = t1.oid
JOIN pg_class t2 ON c.confrelid = t2.oid
JOIN pg_attribute a1 ON a1.attnum = c.conkey[1] AND a1.attrelid = t1.oid
JOIN pg_attribute a2 ON a2.attnum = c.confkey[1] AND a2.attrelid = t2.oid
JOIN pg_namespace t3 ON c.connamespace = t3.oid
WHERE c.contype = 'f'
  AND t1.relname = 'question_groups'
  AND t3.nspname = ANY (current_schemas(false))
ORDER BY c.conname
[0m
  [1m[35m (2.0ms)[0m  [1m[35mBEGIN[0m
  [1m[35mSQL (24.9ms)[0m  [1m[32mINSERT INTO "question_groups" ("topic", "created_at", "updated_at") VALUES ($1, $2, $3) RETURNING "id"[0m  [["topic", "Trans status"], ["created_at", 2016-11-12 22:04:04 UTC], ["updated_at", 2016-11-12 22:04:04 UTC]]
  [1m[35m (12.7ms)[0m  [1m[35mCOMMIT[0m
  [1m[35m (2.7ms)[0m  [1m[35mBEGIN[0m
  [1m[35mSQL (0.7ms)[0m  [1m[32mINSERT INTO "question_groups" ("topic", "created_at", "updated_at") VALUES ($1, $2, $3) RETURNING "id"[0m  [["topic", "Citizenship"], ["created_at", 2016-11-12 22:04:32 UTC], ["updated_at", 2016-11-12 22:04:32 UTC]]
  [1m[35m (7.1ms)[0m  [1m[35mCOMMIT[0m
  [1m[35m (0.4ms)[0m  [1m[35mBEGIN[0m
  [1m[35mSQL (0.6ms)[0m  [1m[32mINSERT INTO "question_groups" ("topic", "created_at", "updated_at") VALUES ($1, $2, $3) RETURNING "id"[0m  [["topic", "Birth country"], ["created_at", 2016-11-12 22:04:48 UTC], ["updated_at", 2016-11-12 22:04:48 UTC]]
  [1m[35m (5.7ms)[0m  [1m[35mCOMMIT[0m
  [1m[35m (0.1ms)[0m  [1m[35mBEGIN[0m
  [1m[35mSQL (0.5ms)[0m  [1m[32mINSERT INTO "question_groups" ("topic", "created_at", "updated_at") VALUES ($1, $2, $3) RETURNING "id"[0m  [["topic", "Age"], ["created_at", 2016-11-12 22:04:58 UTC], ["updated_at", 2016-11-12 22:04:58 UTC]]
  [1m[35m (0.4ms)[0m  [1m[35mCOMMIT[0m
  [1m[35m (0.2ms)[0m  [1m[35mBEGIN[0m
  [1m[35mSQL (0.7ms)[0m  [1m[32mINSERT INTO "question_groups" ("topic", "created_at", "updated_at") VALUES ($1, $2, $3) RETURNING "id"[0m  [["topic", "Passport"], ["created_at", 2016-11-12 22:05:24 UTC], ["updated_at", 2016-11-12 22:05:24 UTC]]
  [1m[35m (2.9ms)[0m  [1m[35mCOMMIT[0m
  [1m[35m (26.3ms)[0m  [1m[35mBEGIN[0m
  [1m[35mSQL (29.3ms)[0m  [1m[32mINSERT INTO "answers" ("answer_text", "question_group_id", "created_at", "updated_at") VALUES ($1, $2, $3, $4) RETURNING "id"[0m  [["answer_text", ""], ["question_group_id", 1], ["created_at", 2016-11-12 23:01:49 UTC], ["updated_at", 2016-11-12 23:01:49 UTC]]
  [1m[35m (6.2ms)[0m  [1m[35mCOMMIT[0m
  [1m[36mActiveRecord::SchemaMigration Load (24.3ms)[0m  [1m[34mSELECT "schema_migrations".* FROM "schema_migrations"[0m
  [1m[35m (17.0ms)[0m  [1m[34mSELECT "ar_internal_metadata"."value" FROM "ar_internal_metadata" WHERE "ar_internal_metadata"."key" = $1[0m  [["key", :environment]]
  [1m[36mActiveRecord::SchemaMigration Load (0.3ms)[0m  [1m[34mSELECT "schema_migrations".* FROM "schema_migrations"[0m
  [1m[35m (0.2ms)[0m  [1m[34mSELECT "ar_internal_metadata"."value" FROM "ar_internal_metadata" WHERE "ar_internal_metadata"."key" = $1[0m  [["key", :environment]]
  [1m[36mActiveRecord::SchemaMigration Load (0.6ms)[0m  [1m[34mSELECT "schema_migrations".* FROM "schema_migrations"[0m
  [1m[35m (0.3ms)[0m  [1m[34mSELECT "ar_internal_metadata"."value" FROM "ar_internal_metadata" WHERE "ar_internal_metadata"."key" = $1[0m  [["key", :environment]]
  [1m[35m (205.1ms)[0m  [1m[35mDROP DATABASE IF EXISTS "trans-p_development"[0m
  [1m[35m (148.7ms)[0m  [1m[35mDROP DATABASE IF EXISTS "trans-p_test"[0m
  [1m[35m (464.0ms)[0m  [1m[35mCREATE DATABASE "trans-p_development" ENCODING = 'unicode'[0m
  [1m[35m (523.0ms)[0m  [1m[35mCREATE DATABASE "trans-p_test" ENCODING = 'unicode'[0m
  [1m[35m (5.3ms)[0m  [1m[35mCREATE TABLE "schema_migrations" ("version" character varying PRIMARY KEY)[0m
  [1m[35m (2.3ms)[0m  [1m[35mCREATE TABLE "ar_internal_metadata" ("key" character varying PRIMARY KEY, "value" character varying, "created_at" timestamp NOT NULL, "updated_at" timestamp NOT NULL)[0m
  [1m[35m (0.2ms)[0m  [1m[34mSELECT pg_try_advisory_lock(3045707903222284440);[0m
  [1m[36mActiveRecord::SchemaMigration Load (0.3ms)[0m  [1m[34mSELECT "schema_migrations".* FROM "schema_migrations"[0m
Migrating to CreateAnswers (20161112214800)
  [1m[35m (1.0ms)[0m  [1m[35mBEGIN[0m
  [1m[35m (26.1ms)[0m  [1m[35mCREATE TABLE "answers" ("id" serial primary key, "answer_text" character varying, "question_group_id" integer, "next_question_id" integer, "type" character varying, "created_at" timestamp NOT NULL, "updated_at" timestamp NOT NULL)[0m
  [1m[35mSQL (0.3ms)[0m  [1m[32mINSERT INTO "schema_migrations" ("version") VALUES ($1) RETURNING "version"[0m  [["version", "20161112214800"]]
  [1m[35m (12.9ms)[0m  [1m[35mCOMMIT[0m
Migrating to CreateQuestionGroups (20161112215552)
  [1m[35m (11.0ms)[0m  [1m[35mBEGIN[0m
  [1m[35m (13.0ms)[0m  [1m[35mCREATE TABLE "question_groups" ("id" serial primary key, "order" integer, "topic" character varying, "created_at" timestamp NOT NULL, "updated_at" timestamp NOT NULL)[0m
  [1m[35mSQL (0.3ms)[0m  [1m[32mINSERT INTO "schema_migrations" ("version") VALUES ($1) RETURNING "version"[0m  [["version", "20161112215552"]]
  [1m[35m (0.5ms)[0m  [1m[35mCOMMIT[0m
  [1m[36mActiveRecord::InternalMetadata Load (0.3ms)[0m  [1m[34mSELECT  "ar_internal_metadata".* FROM "ar_internal_metadata" WHERE "ar_internal_metadata"."key" = $1 LIMIT $2[0m  [["key", :environment], ["LIMIT", 1]]
  [1m[35m (0.1ms)[0m  [1m[35mBEGIN[0m
  [1m[35mSQL (0.3ms)[0m  [1m[32mINSERT INTO "ar_internal_metadata" ("key", "value", "created_at", "updated_at") VALUES ($1, $2, $3, $4) RETURNING "key"[0m  [["key", "environment"], ["value", "development"], ["created_at", 2016-11-12 23:06:25 UTC], ["updated_at", 2016-11-12 23:06:25 UTC]]
  [1m[35m (0.3ms)[0m  [1m[35mCOMMIT[0m
  [1m[35m (0.2ms)[0m  [1m[34mSELECT pg_advisory_unlock(3045707903222284440)[0m
  [1m[36mActiveRecord::SchemaMigration Load (0.3ms)[0m  [1m[34mSELECT "schema_migrations".* FROM "schema_migrations"[0m
  [1m[35m (2.8ms)[0m  [1m[34mSELECT t2.oid::regclass::text AS to_table, a1.attname AS column, a2.attname AS primary_key, c.conname AS name, c.confupdtype AS on_update, c.confdeltype AS on_delete
FROM pg_constraint c
JOIN pg_class t1 ON c.conrelid = t1.oid
JOIN pg_class t2 ON c.confrelid = t2.oid
JOIN pg_attribute a1 ON a1.attnum = c.conkey[1] AND a1.attrelid = t1.oid
JOIN pg_attribute a2 ON a2.attnum = c.confkey[1] AND a2.attrelid = t2.oid
JOIN pg_namespace t3 ON c.connamespace = t3.oid
WHERE c.contype = 'f'
  AND t1.relname = 'answers'
  AND t3.nspname = ANY (current_schemas(false))
ORDER BY c.conname
[0m
  [1m[35m (3.0ms)[0m  [1m[34mSELECT t2.oid::regclass::text AS to_table, a1.attname AS column, a2.attname AS primary_key, c.conname AS name, c.confupdtype AS on_update, c.confdeltype AS on_delete
FROM pg_constraint c
JOIN pg_class t1 ON c.conrelid = t1.oid
JOIN pg_class t2 ON c.confrelid = t2.oid
JOIN pg_attribute a1 ON a1.attnum = c.conkey[1] AND a1.attrelid = t1.oid
JOIN pg_attribute a2 ON a2.attnum = c.confkey[1] AND a2.attrelid = t2.oid
JOIN pg_namespace t3 ON c.connamespace = t3.oid
WHERE c.contype = 'f'
  AND t1.relname = 'question_groups'
  AND t3.nspname = ANY (current_schemas(false))
ORDER BY c.conname
[0m
  [1m[36mActiveRecord::SchemaMigration Load (0.2ms)[0m  [1m[34mSELECT "schema_migrations".* FROM "schema_migrations"[0m
  [1m[35m (0.2ms)[0m  [1m[35mBEGIN[0m
  [1m[36mQuestionGroup Exists (0.5ms)[0m  [1m[34mSELECT  1 AS one FROM "question_groups" WHERE "question_groups"."topic" = $1 LIMIT $2[0m  [["topic", "Trans status"], ["LIMIT", 1]]
  [1m[36mQuestionGroup Exists (0.3ms)[0m  [1m[34mSELECT  1 AS one FROM "question_groups" WHERE "question_groups"."order" = $1 LIMIT $2[0m  [["order", 1], ["LIMIT", 1]]
  [1m[35mSQL (0.5ms)[0m  [1m[32mINSERT INTO "question_groups" ("order", "topic", "created_at", "updated_at") VALUES ($1, $2, $3, $4) RETURNING "id"[0m  [["order", 1], ["topic", "Trans status"], ["created_at", 2016-11-12 23:06:25 UTC], ["updated_at", 2016-11-12 23:06:25 UTC]]
  [1m[35m (11.3ms)[0m  [1m[35mCOMMIT[0m
  [1m[35m (0.1ms)[0m  [1m[35mBEGIN[0m
  [1m[36mQuestionGroup Exists (0.2ms)[0m  [1m[34mSELECT  1 AS one FROM "question_groups" WHERE "question_groups"."topic" = $1 LIMIT $2[0m  [["topic", "Citizenship"], ["LIMIT", 1]]
  [1m[36mQuestionGroup Exists (0.2ms)[0m  [1m[34mSELECT  1 AS one FROM "question_groups" WHERE "question_groups"."order" = $1 LIMIT $2[0m  [["order", 2], ["LIMIT", 1]]
  [1m[35mSQL (0.2ms)[0m  [1m[32mINSERT INTO "question_groups" ("order", "topic", "created_at", "updated_at") VALUES ($1, $2, $3, $4) RETURNING "id"[0m  [["order", 2], ["topic", "Citizenship"], ["created_at", 2016-11-12 23:06:25 UTC], ["updated_at", 2016-11-12 23:06:25 UTC]]
  [1m[35m (10.9ms)[0m  [1m[35mCOMMIT[0m
  [1m[35m (0.1ms)[0m  [1m[35mBEGIN[0m
  [1m[36mQuestionGroup Exists (0.2ms)[0m  [1m[34mSELECT  1 AS one FROM "question_groups" WHERE "question_groups"."topic" = $1 LIMIT $2[0m  [["topic", "Birth country"], ["LIMIT", 1]]
  [1m[36mQuestionGroup Exists (0.2ms)[0m  [1m[34mSELECT  1 AS one FROM "question_groups" WHERE "question_groups"."order" = $1 LIMIT $2[0m  [["order", 3], ["LIMIT", 1]]
  [1m[35mSQL (0.2ms)[0m  [1m[32mINSERT INTO "question_groups" ("order", "topic", "created_at", "updated_at") VALUES ($1, $2, $3, $4) RETURNING "id"[0m  [["order", 3], ["topic", "Birth country"], ["created_at", 2016-11-12 23:06:25 UTC], ["updated_at", 2016-11-12 23:06:25 UTC]]
  [1m[35m (0.3ms)[0m  [1m[35mCOMMIT[0m
  [1m[35m (0.1ms)[0m  [1m[35mBEGIN[0m
  [1m[36mQuestionGroup Exists (0.2ms)[0m  [1m[34mSELECT  1 AS one FROM "question_groups" WHERE "question_groups"."topic" = $1 LIMIT $2[0m  [["topic", "Age"], ["LIMIT", 1]]
  [1m[36mQuestionGroup Exists (0.2ms)[0m  [1m[34mSELECT  1 AS one FROM "question_groups" WHERE "question_groups"."order" = $1 LIMIT $2[0m  [["order", 4], ["LIMIT", 1]]
  [1m[35mSQL (0.2ms)[0m  [1m[32mINSERT INTO "question_groups" ("order", "topic", "created_at", "updated_at") VALUES ($1, $2, $3, $4) RETURNING "id"[0m  [["order", 4], ["topic", "Age"], ["created_at", 2016-11-12 23:06:25 UTC], ["updated_at", 2016-11-12 23:06:25 UTC]]
  [1m[35m (0.3ms)[0m  [1m[35mCOMMIT[0m
  [1m[35m (0.1ms)[0m  [1m[35mBEGIN[0m
  [1m[36mQuestionGroup Exists (0.3ms)[0m  [1m[34mSELECT  1 AS one FROM "question_groups" WHERE "question_groups"."topic" = $1 LIMIT $2[0m  [["topic", "Passport"], ["LIMIT", 1]]
  [1m[36mQuestionGroup Exists (0.3ms)[0m  [1m[34mSELECT  1 AS one FROM "question_groups" WHERE "question_groups"."order" = $1 LIMIT $2[0m  [["order", 5], ["LIMIT", 1]]
  [1m[35mSQL (0.3ms)[0m  [1m[32mINSERT INTO "question_groups" ("order", "topic", "created_at", "updated_at") VALUES ($1, $2, $3, $4) RETURNING "id"[0m  [["order", 5], ["topic", "Passport"], ["created_at", 2016-11-12 23:06:25 UTC], ["updated_at", 2016-11-12 23:06:25 UTC]]
  [1m[35m (0.3ms)[0m  [1m[35mCOMMIT[0m
  [1m[35m (0.1ms)[0m  [1m[35mBEGIN[0m
  [1m[36mQuestionGroup Exists (0.6ms)[0m  [1m[34mSELECT  1 AS one FROM "question_groups" WHERE "question_groups"."topic" = $1 LIMIT $2[0m  [["topic", "Not Trans"], ["LIMIT", 1]]
  [1m[36mQuestionGroup Exists (0.3ms)[0m  [1m[34mSELECT  1 AS one FROM "question_groups" WHERE "question_groups"."order" = $1 LIMIT $2[0m  [["order", 6], ["LIMIT", 1]]
  [1m[35mSQL (0.3ms)[0m  [1m[32mINSERT INTO "question_groups" ("order", "topic", "created_at", "updated_at") VALUES ($1, $2, $3, $4) RETURNING "id"[0m  [["order", 6], ["topic", "Not Trans"], ["created_at", 2016-11-12 23:06:25 UTC], ["updated_at", 2016-11-12 23:06:25 UTC]]
  [1m[35m (0.3ms)[0m  [1m[35mCOMMIT[0m
  [1m[35m (0.1ms)[0m  [1m[35mBEGIN[0m
  [1m[36mQuestionGroup Exists (0.2ms)[0m  [1m[34mSELECT  1 AS one FROM "question_groups" WHERE "question_groups"."topic" = $1 LIMIT $2[0m  [["topic", "Not Citizen"], ["LIMIT", 1]]
  [1m[36mQuestionGroup Exists (0.2ms)[0m  [1m[34mSELECT  1 AS one FROM "question_groups" WHERE "question_groups"."order" = $1 LIMIT $2[0m  [["order", 7], ["LIMIT", 1]]
  [1m[35mSQL (0.2ms)[0m  [1m[32mINSERT INTO "question_groups" ("order", "topic", "created_at", "updated_at") VALUES ($1, $2, $3, $4) RETURNING "id"[0m  [["order", 7], ["topic", "Not Citizen"], ["created_at", 2016-11-12 23:06:25 UTC], ["updated_at", 2016-11-12 23:06:25 UTC]]
  [1m[35m (0.3ms)[0m  [1m[35mCOMMIT[0m
  [1m[36mActiveRecord::SchemaMigration Load (0.4ms)[0m  [1m[34mSELECT "schema_migrations".* FROM "schema_migrations"[0m
  [1m[35m (0.3ms)[0m  [1m[34mSELECT "ar_internal_metadata"."value" FROM "ar_internal_metadata" WHERE "ar_internal_metadata"."key" = $1[0m  [["key", :environment]]
  [1m[36mActiveRecord::SchemaMigration Load (0.1ms)[0m  [1m[34mSELECT "schema_migrations".* FROM "schema_migrations"[0m
  [1m[35m (0.2ms)[0m  [1m[34mSELECT "ar_internal_metadata"."value" FROM "ar_internal_metadata" WHERE "ar_internal_metadata"."key" = $1[0m  [["key", :environment]]
  [1m[36mActiveRecord::SchemaMigration Load (0.3ms)[0m  [1m[34mSELECT "schema_migrations".* FROM "schema_migrations"[0m
  [1m[35m (0.1ms)[0m  [1m[34mSELECT "ar_internal_metadata"."value" FROM "ar_internal_metadata" WHERE "ar_internal_metadata"."key" = $1[0m  [["key", :environment]]
  [1m[35m (141.9ms)[0m  [1m[35mDROP DATABASE IF EXISTS "trans-p_development"[0m
  [1m[35m (134.1ms)[0m  [1m[35mDROP DATABASE IF EXISTS "trans-p_test"[0m
  [1m[35m (543.7ms)[0m  [1m[35mCREATE DATABASE "trans-p_development" ENCODING = 'unicode'[0m
  [1m[35m (521.4ms)[0m  [1m[35mCREATE DATABASE "trans-p_test" ENCODING = 'unicode'[0m
  [1m[35m (19.1ms)[0m  [1m[35mCREATE TABLE "schema_migrations" ("version" character varying PRIMARY KEY)[0m
  [1m[35m (4.4ms)[0m  [1m[35mCREATE TABLE "ar_internal_metadata" ("key" character varying PRIMARY KEY, "value" character varying, "created_at" timestamp NOT NULL, "updated_at" timestamp NOT NULL)[0m
  [1m[35m (0.4ms)[0m  [1m[34mSELECT pg_try_advisory_lock(3045707903222284440);[0m
  [1m[36mActiveRecord::SchemaMigration Load (0.4ms)[0m  [1m[34mSELECT "schema_migrations".* FROM "schema_migrations"[0m
Migrating to CreateAnswers (20161112214800)
  [1m[35m (0.5ms)[0m  [1m[35mBEGIN[0m
  [1m[35m (21.1ms)[0m  [1m[35mCREATE TABLE "answers" ("id" serial primary key, "answer_text" character varying, "question_group_id" integer, "next_question_id" integer, "type" character varying, "created_at" timestamp NOT NULL, "updated_at" timestamp NOT NULL)[0m
  [1m[35mSQL (0.5ms)[0m  [1m[32mINSERT INTO "schema_migrations" ("version") VALUES ($1) RETURNING "version"[0m  [["version", "20161112214800"]]
  [1m[35m (11.5ms)[0m  [1m[35mCOMMIT[0m
Migrating to CreateQuestionGroups (20161112215552)
  [1m[35m (11.2ms)[0m  [1m[35mBEGIN[0m
  [1m[35m (19.6ms)[0m  [1m[35mCREATE TABLE "question_groups" ("id" serial primary key, "order" integer, "topic" character varying, "created_at" timestamp NOT NULL, "updated_at" timestamp NOT NULL)[0m
  [1m[35mSQL (0.3ms)[0m  [1m[32mINSERT INTO "schema_migrations" ("version") VALUES ($1) RETURNING "version"[0m  [["version", "20161112215552"]]
  [1m[35m (0.4ms)[0m  [1m[35mCOMMIT[0m
  [1m[36mActiveRecord::InternalMetadata Load (0.6ms)[0m  [1m[34mSELECT  "ar_internal_metadata".* FROM "ar_internal_metadata" WHERE "ar_internal_metadata"."key" = $1 LIMIT $2[0m  [["key", :environment], ["LIMIT", 1]]
  [1m[35m (1.5ms)[0m  [1m[35mBEGIN[0m
  [1m[35mSQL (1.6ms)[0m  [1m[32mINSERT INTO "ar_internal_metadata" ("key", "value", "created_at", "updated_at") VALUES ($1, $2, $3, $4) RETURNING "key"[0m  [["key", "environment"], ["value", "development"], ["created_at", 2016-11-12 23:08:17 UTC], ["updated_at", 2016-11-12 23:08:17 UTC]]
  [1m[35m (5.9ms)[0m  [1m[35mCOMMIT[0m
  [1m[35m (0.3ms)[0m  [1m[34mSELECT pg_advisory_unlock(3045707903222284440)[0m
  [1m[36mActiveRecord::SchemaMigration Load (0.4ms)[0m  [1m[34mSELECT "schema_migrations".* FROM "schema_migrations"[0m
  [1m[35m (2.4ms)[0m  [1m[34mSELECT t2.oid::regclass::text AS to_table, a1.attname AS column, a2.attname AS primary_key, c.conname AS name, c.confupdtype AS on_update, c.confdeltype AS on_delete
FROM pg_constraint c
JOIN pg_class t1 ON c.conrelid = t1.oid
JOIN pg_class t2 ON c.confrelid = t2.oid
JOIN pg_attribute a1 ON a1.attnum = c.conkey[1] AND a1.attrelid = t1.oid
JOIN pg_attribute a2 ON a2.attnum = c.confkey[1] AND a2.attrelid = t2.oid
JOIN pg_namespace t3 ON c.connamespace = t3.oid
WHERE c.contype = 'f'
  AND t1.relname = 'answers'
  AND t3.nspname = ANY (current_schemas(false))
ORDER BY c.conname
[0m
  [1m[35m (1.9ms)[0m  [1m[34mSELECT t2.oid::regclass::text AS to_table, a1.attname AS column, a2.attname AS primary_key, c.conname AS name, c.confupdtype AS on_update, c.confdeltype AS on_delete
FROM pg_constraint c
JOIN pg_class t1 ON c.conrelid = t1.oid
JOIN pg_class t2 ON c.confrelid = t2.oid
JOIN pg_attribute a1 ON a1.attnum = c.conkey[1] AND a1.attrelid = t1.oid
JOIN pg_attribute a2 ON a2.attnum = c.confkey[1] AND a2.attrelid = t2.oid
JOIN pg_namespace t3 ON c.connamespace = t3.oid
WHERE c.contype = 'f'
  AND t1.relname = 'question_groups'
  AND t3.nspname = ANY (current_schemas(false))
ORDER BY c.conname
[0m
  [1m[36mActiveRecord::SchemaMigration Load (0.2ms)[0m  [1m[34mSELECT "schema_migrations".* FROM "schema_migrations"[0m
  [1m[35m (0.2ms)[0m  [1m[35mBEGIN[0m
  [1m[36mQuestionGroup Exists (0.4ms)[0m  [1m[34mSELECT  1 AS one FROM "question_groups" WHERE "question_groups"."topic" = $1 LIMIT $2[0m  [["topic", "Trans status"], ["LIMIT", 1]]
  [1m[36mQuestionGroup Exists (0.3ms)[0m  [1m[34mSELECT  1 AS one FROM "question_groups" WHERE "question_groups"."order" = $1 LIMIT $2[0m  [["order", 1], ["LIMIT", 1]]
  [1m[35mSQL (0.5ms)[0m  [1m[32mINSERT INTO "question_groups" ("order", "topic", "created_at", "updated_at") VALUES ($1, $2, $3, $4) RETURNING "id"[0m  [["order", 1], ["topic", "Trans status"], ["created_at", 2016-11-12 23:08:17 UTC], ["updated_at", 2016-11-12 23:08:17 UTC]]
  [1m[35m (11.6ms)[0m  [1m[35mCOMMIT[0m
  [1m[35m (0.1ms)[0m  [1m[35mBEGIN[0m
  [1m[36mQuestionGroup Exists (0.4ms)[0m  [1m[34mSELECT  1 AS one FROM "question_groups" WHERE "question_groups"."topic" = $1 LIMIT $2[0m  [["topic", "Citizenship"], ["LIMIT", 1]]
  [1m[36mQuestionGroup Exists (0.2ms)[0m  [1m[34mSELECT  1 AS one FROM "question_groups" WHERE "question_groups"."order" = $1 LIMIT $2[0m  [["order", 2], ["LIMIT", 1]]
  [1m[35mSQL (0.3ms)[0m  [1m[32mINSERT INTO "question_groups" ("order", "topic", "created_at", "updated_at") VALUES ($1, $2, $3, $4) RETURNING "id"[0m  [["order", 2], ["topic", "Citizenship"], ["created_at", 2016-11-12 23:08:17 UTC], ["updated_at", 2016-11-12 23:08:17 UTC]]
  [1m[35m (2.7ms)[0m  [1m[35mCOMMIT[0m
  [1m[35m (0.1ms)[0m  [1m[35mBEGIN[0m
  [1m[36mQuestionGroup Exists (0.3ms)[0m  [1m[34mSELECT  1 AS one FROM "question_groups" WHERE "question_groups"."topic" = $1 LIMIT $2[0m  [["topic", "Birth country"], ["LIMIT", 1]]
  [1m[36mQuestionGroup Exists (0.3ms)[0m  [1m[34mSELECT  1 AS one FROM "question_groups" WHERE "question_groups"."order" = $1 LIMIT $2[0m  [["order", 3], ["LIMIT", 1]]
  [1m[35mSQL (0.4ms)[0m  [1m[32mINSERT INTO "question_groups" ("order", "topic", "created_at", "updated_at") VALUES ($1, $2, $3, $4) RETURNING "id"[0m  [["order", 3], ["topic", "Birth country"], ["created_at", 2016-11-12 23:08:17 UTC], ["updated_at", 2016-11-12 23:08:17 UTC]]
  [1m[35m (0.5ms)[0m  [1m[35mCOMMIT[0m
  [1m[35m (0.2ms)[0m  [1m[35mBEGIN[0m
  [1m[36mQuestionGroup Exists (0.4ms)[0m  [1m[34mSELECT  1 AS one FROM "question_groups" WHERE "question_groups"."topic" = $1 LIMIT $2[0m  [["topic", "Age"], ["LIMIT", 1]]
  [1m[36mQuestionGroup Exists (0.3ms)[0m  [1m[34mSELECT  1 AS one FROM "question_groups" WHERE "question_groups"."order" = $1 LIMIT $2[0m  [["order", 4], ["LIMIT", 1]]
  [1m[35mSQL (0.3ms)[0m  [1m[32mINSERT INTO "question_groups" ("order", "topic", "created_at", "updated_at") VALUES ($1, $2, $3, $4) RETURNING "id"[0m  [["order", 4], ["topic", "Age"], ["created_at", 2016-11-12 23:08:17 UTC], ["updated_at", 2016-11-12 23:08:17 UTC]]
  [1m[35m (0.3ms)[0m  [1m[35mCOMMIT[0m
  [1m[35m (0.1ms)[0m  [1m[35mBEGIN[0m
  [1m[36mQuestionGroup Exists (0.4ms)[0m  [1m[34mSELECT  1 AS one FROM "question_groups" WHERE "question_groups"."topic" = $1 LIMIT $2[0m  [["topic", "Passport"], ["LIMIT", 1]]
  [1m[36mQuestionGroup Exists (0.4ms)[0m  [1m[34mSELECT  1 AS one FROM "question_groups" WHERE "question_groups"."order" = $1 LIMIT $2[0m  [["order", 5], ["LIMIT", 1]]
  [1m[35mSQL (0.3ms)[0m  [1m[32mINSERT INTO "question_groups" ("order", "topic", "created_at", "updated_at") VALUES ($1, $2, $3, $4) RETURNING "id"[0m  [["order", 5], ["topic", "Passport"], ["created_at", 2016-11-12 23:08:17 UTC], ["updated_at", 2016-11-12 23:08:17 UTC]]
  [1m[35m (0.3ms)[0m  [1m[35mCOMMIT[0m
  [1m[35m (0.1ms)[0m  [1m[35mBEGIN[0m
  [1m[36mQuestionGroup Exists (0.3ms)[0m  [1m[34mSELECT  1 AS one FROM "question_groups" WHERE "question_groups"."topic" = $1 LIMIT $2[0m  [["topic", "Not Trans"], ["LIMIT", 1]]
  [1m[36mQuestionGroup Exists (0.3ms)[0m  [1m[34mSELECT  1 AS one FROM "question_groups" WHERE "question_groups"."order" = $1 LIMIT $2[0m  [["order", 6], ["LIMIT", 1]]
  [1m[35mSQL (0.4ms)[0m  [1m[32mINSERT INTO "question_groups" ("order", "topic", "created_at", "updated_at") VALUES ($1, $2, $3, $4) RETURNING "id"[0m  [["order", 6], ["topic", "Not Trans"], ["created_at", 2016-11-12 23:08:17 UTC], ["updated_at", 2016-11-12 23:08:17 UTC]]
  [1m[35m (0.4ms)[0m  [1m[35mCOMMIT[0m
  [1m[35m (0.2ms)[0m  [1m[35mBEGIN[0m
  [1m[36mQuestionGroup Exists (0.4ms)[0m  [1m[34mSELECT  1 AS one FROM "question_groups" WHERE "question_groups"."topic" = $1 LIMIT $2[0m  [["topic", "Not Citizen"], ["LIMIT", 1]]
  [1m[36mQuestionGroup Exists (0.4ms)[0m  [1m[34mSELECT  1 AS one FROM "question_groups" WHERE "question_groups"."order" = $1 LIMIT $2[0m  [["order", 7], ["LIMIT", 1]]
  [1m[35mSQL (0.5ms)[0m  [1m[32mINSERT INTO "question_groups" ("order", "topic", "created_at", "updated_at") VALUES ($1, $2, $3, $4) RETURNING "id"[0m  [["order", 7], ["topic", "Not Citizen"], ["created_at", 2016-11-12 23:08:17 UTC], ["updated_at", 2016-11-12 23:08:17 UTC]]
  [1m[35m (0.3ms)[0m  [1m[35mCOMMIT[0m
  [1m[36mActiveRecord::SchemaMigration Load (0.4ms)[0m  [1m[34mSELECT "schema_migrations".* FROM "schema_migrations"[0m
  [1m[35m (0.3ms)[0m  [1m[34mSELECT "ar_internal_metadata"."value" FROM "ar_internal_metadata" WHERE "ar_internal_metadata"."key" = $1[0m  [["key", :environment]]
  [1m[36mActiveRecord::SchemaMigration Load (0.2ms)[0m  [1m[34mSELECT "schema_migrations".* FROM "schema_migrations"[0m
  [1m[35m (0.1ms)[0m  [1m[34mSELECT "ar_internal_metadata"."value" FROM "ar_internal_metadata" WHERE "ar_internal_metadata"."key" = $1[0m  [["key", :environment]]
  [1m[36mActiveRecord::SchemaMigration Load (0.1ms)[0m  [1m[34mSELECT "schema_migrations".* FROM "schema_migrations"[0m
  [1m[35m (0.2ms)[0m  [1m[34mSELECT "ar_internal_metadata"."value" FROM "ar_internal_metadata" WHERE "ar_internal_metadata"."key" = $1[0m  [["key", :environment]]
  [1m[35m (122.2ms)[0m  [1m[35mDROP DATABASE IF EXISTS "trans-p_development"[0m
  [1m[35m (125.6ms)[0m  [1m[35mDROP DATABASE IF EXISTS "trans-p_test"[0m
  [1m[35m (566.7ms)[0m  [1m[35mCREATE DATABASE "trans-p_development" ENCODING = 'unicode'[0m
  [1m[35m (560.9ms)[0m  [1m[35mCREATE DATABASE "trans-p_test" ENCODING = 'unicode'[0m
  [1m[35m (24.6ms)[0m  [1m[35mCREATE TABLE "schema_migrations" ("version" character varying PRIMARY KEY)[0m
  [1m[35m (18.4ms)[0m  [1m[35mCREATE TABLE "ar_internal_metadata" ("key" character varying PRIMARY KEY, "value" character varying, "created_at" timestamp NOT NULL, "updated_at" timestamp NOT NULL)[0m
  [1m[35m (0.3ms)[0m  [1m[34mSELECT pg_try_advisory_lock(3045707903222284440);[0m
  [1m[36mActiveRecord::SchemaMigration Load (0.6ms)[0m  [1m[34mSELECT "schema_migrations".* FROM "schema_migrations"[0m
Migrating to CreateAnswers (20161112214800)
  [1m[35m (0.6ms)[0m  [1m[35mBEGIN[0m
  [1m[35m (14.4ms)[0m  [1m[35mCREATE TABLE "answers" ("id" serial primary key, "answer_text" character varying, "question_group_id" integer, "next_question_id" integer, "answer_type" character varying, "created_at" timestamp NOT NULL, "updated_at" timestamp NOT NULL)[0m
  [1m[35mSQL (0.4ms)[0m  [1m[32mINSERT INTO "schema_migrations" ("version") VALUES ($1) RETURNING "version"[0m  [["version", "20161112214800"]]
  [1m[35m (10.7ms)[0m  [1m[35mCOMMIT[0m
Migrating to CreateQuestionGroups (20161112215552)
  [1m[35m (6.0ms)[0m  [1m[35mBEGIN[0m
  [1m[35m (43.5ms)[0m  [1m[35mCREATE TABLE "question_groups" ("id" serial primary key, "order" integer, "topic" character varying, "created_at" timestamp NOT NULL, "updated_at" timestamp NOT NULL)[0m
  [1m[35mSQL (0.4ms)[0m  [1m[32mINSERT INTO "schema_migrations" ("version") VALUES ($1) RETURNING "version"[0m  [["version", "20161112215552"]]
  [1m[35m (12.3ms)[0m  [1m[35mCOMMIT[0m
  [1m[36mActiveRecord::InternalMetadata Load (0.3ms)[0m  [1m[34mSELECT  "ar_internal_metadata".* FROM "ar_internal_metadata" WHERE "ar_internal_metadata"."key" = $1 LIMIT $2[0m  [["key", :environment], ["LIMIT", 1]]
  [1m[35m (0.2ms)[0m  [1m[35mBEGIN[0m
  [1m[35mSQL (0.4ms)[0m  [1m[32mINSERT INTO "ar_internal_metadata" ("key", "value", "created_at", "updated_at") VALUES ($1, $2, $3, $4) RETURNING "key"[0m  [["key", "environment"], ["value", "development"], ["created_at", 2016-11-12 23:09:34 UTC], ["updated_at", 2016-11-12 23:09:34 UTC]]
  [1m[35m (11.5ms)[0m  [1m[35mCOMMIT[0m
  [1m[35m (0.4ms)[0m  [1m[34mSELECT pg_advisory_unlock(3045707903222284440)[0m
  [1m[36mActiveRecord::SchemaMigration Load (0.1ms)[0m  [1m[34mSELECT "schema_migrations".* FROM "schema_migrations"[0m
  [1m[35m (3.3ms)[0m  [1m[34mSELECT t2.oid::regclass::text AS to_table, a1.attname AS column, a2.attname AS primary_key, c.conname AS name, c.confupdtype AS on_update, c.confdeltype AS on_delete
FROM pg_constraint c
JOIN pg_class t1 ON c.conrelid = t1.oid
JOIN pg_class t2 ON c.confrelid = t2.oid
JOIN pg_attribute a1 ON a1.attnum = c.conkey[1] AND a1.attrelid = t1.oid
JOIN pg_attribute a2 ON a2.attnum = c.confkey[1] AND a2.attrelid = t2.oid
JOIN pg_namespace t3 ON c.connamespace = t3.oid
WHERE c.contype = 'f'
  AND t1.relname = 'answers'
  AND t3.nspname = ANY (current_schemas(false))
ORDER BY c.conname
[0m
  [1m[35m (4.1ms)[0m  [1m[34mSELECT t2.oid::regclass::text AS to_table, a1.attname AS column, a2.attname AS primary_key, c.conname AS name, c.confupdtype AS on_update, c.confdeltype AS on_delete
FROM pg_constraint c
JOIN pg_class t1 ON c.conrelid = t1.oid
JOIN pg_class t2 ON c.confrelid = t2.oid
JOIN pg_attribute a1 ON a1.attnum = c.conkey[1] AND a1.attrelid = t1.oid
JOIN pg_attribute a2 ON a2.attnum = c.confkey[1] AND a2.attrelid = t2.oid
JOIN pg_namespace t3 ON c.connamespace = t3.oid
WHERE c.contype = 'f'
  AND t1.relname = 'question_groups'
  AND t3.nspname = ANY (current_schemas(false))
ORDER BY c.conname
[0m
  [1m[36mActiveRecord::SchemaMigration Load (0.3ms)[0m  [1m[34mSELECT "schema_migrations".* FROM "schema_migrations"[0m
  [1m[35m (0.2ms)[0m  [1m[35mBEGIN[0m
  [1m[36mQuestionGroup Exists (0.4ms)[0m  [1m[34mSELECT  1 AS one FROM "question_groups" WHERE "question_groups"."topic" = $1 LIMIT $2[0m  [["topic", "Trans status"], ["LIMIT", 1]]
  [1m[36mQuestionGroup Exists (0.3ms)[0m  [1m[34mSELECT  1 AS one FROM "question_groups" WHERE "question_groups"."order" = $1 LIMIT $2[0m  [["order", 1], ["LIMIT", 1]]
  [1m[35mSQL (0.4ms)[0m  [1m[32mINSERT INTO "question_groups" ("order", "topic", "created_at", "updated_at") VALUES ($1, $2, $3, $4) RETURNING "id"[0m  [["order", 1], ["topic", "Trans status"], ["created_at", 2016-11-12 23:09:34 UTC], ["updated_at", 2016-11-12 23:09:34 UTC]]
  [1m[35m (5.8ms)[0m  [1m[35mCOMMIT[0m
  [1m[35m (0.1ms)[0m  [1m[35mBEGIN[0m
  [1m[36mQuestionGroup Exists (0.2ms)[0m  [1m[34mSELECT  1 AS one FROM "question_groups" WHERE "question_groups"."topic" = $1 LIMIT $2[0m  [["topic", "Citizenship"], ["LIMIT", 1]]
  [1m[36mQuestionGroup Exists (0.2ms)[0m  [1m[34mSELECT  1 AS one FROM "question_groups" WHERE "question_groups"."order" = $1 LIMIT $2[0m  [["order", 2], ["LIMIT", 1]]
  [1m[35mSQL (0.2ms)[0m  [1m[32mINSERT INTO "question_groups" ("order", "topic", "created_at", "updated_at") VALUES ($1, $2, $3, $4) RETURNING "id"[0m  [["order", 2], ["topic", "Citizenship"], ["created_at", 2016-11-12 23:09:34 UTC], ["updated_at", 2016-11-12 23:09:34 UTC]]
  [1m[35m (11.3ms)[0m  [1m[35mCOMMIT[0m
  [1m[35m (0.4ms)[0m  [1m[35mBEGIN[0m
  [1m[36mQuestionGroup Exists (0.6ms)[0m  [1m[34mSELECT  1 AS one FROM "question_groups" WHERE "question_groups"."topic" = $1 LIMIT $2[0m  [["topic", "Birth country"], ["LIMIT", 1]]
  [1m[36mQuestionGroup Exists (0.3ms)[0m  [1m[34mSELECT  1 AS one FROM "question_groups" WHERE "question_groups"."order" = $1 LIMIT $2[0m  [["order", 3], ["LIMIT", 1]]
  [1m[35mSQL (0.3ms)[0m  [1m[32mINSERT INTO "question_groups" ("order", "topic", "created_at", "updated_at") VALUES ($1, $2, $3, $4) RETURNING "id"[0m  [["order", 3], ["topic", "Birth country"], ["created_at", 2016-11-12 23:09:34 UTC], ["updated_at", 2016-11-12 23:09:34 UTC]]
  [1m[35m (6.2ms)[0m  [1m[35mCOMMIT[0m
  [1m[35m (0.1ms)[0m  [1m[35mBEGIN[0m
  [1m[36mQuestionGroup Exists (0.2ms)[0m  [1m[34mSELECT  1 AS one FROM "question_groups" WHERE "question_groups"."topic" = $1 LIMIT $2[0m  [["topic", "Age"], ["LIMIT", 1]]
  [1m[36mQuestionGroup Exists (0.2ms)[0m  [1m[34mSELECT  1 AS one FROM "question_groups" WHERE "question_groups"."order" = $1 LIMIT $2[0m  [["order", 4], ["LIMIT", 1]]
  [1m[35mSQL (0.2ms)[0m  [1m[32mINSERT INTO "question_groups" ("order", "topic", "created_at", "updated_at") VALUES ($1, $2, $3, $4) RETURNING "id"[0m  [["order", 4], ["topic", "Age"], ["created_at", 2016-11-12 23:09:34 UTC], ["updated_at", 2016-11-12 23:09:34 UTC]]
  [1m[35m (6.2ms)[0m  [1m[35mCOMMIT[0m
  [1m[35m (0.2ms)[0m  [1m[35mBEGIN[0m
  [1m[36mQuestionGroup Exists (0.4ms)[0m  [1m[34mSELECT  1 AS one FROM "question_groups" WHERE "question_groups"."topic" = $1 LIMIT $2[0m  [["topic", "Passport"], ["LIMIT", 1]]
  [1m[36mQuestionGroup Exists (0.2ms)[0m  [1m[34mSELECT  1 AS one FROM "question_groups" WHERE "question_groups"."order" = $1 LIMIT $2[0m  [["order", 5], ["LIMIT", 1]]
  [1m[35mSQL (0.3ms)[0m  [1m[32mINSERT INTO "question_groups" ("order", "topic", "created_at", "updated_at") VALUES ($1, $2, $3, $4) RETURNING "id"[0m  [["order", 5], ["topic", "Passport"], ["created_at", 2016-11-12 23:09:34 UTC], ["updated_at", 2016-11-12 23:09:34 UTC]]
  [1m[35m (1.7ms)[0m  [1m[35mCOMMIT[0m
  [1m[35m (0.3ms)[0m  [1m[35mBEGIN[0m
  [1m[36mQuestionGroup Exists (0.2ms)[0m  [1m[34mSELECT  1 AS one FROM "question_groups" WHERE "question_groups"."topic" = $1 LIMIT $2[0m  [["topic", "Not Trans"], ["LIMIT", 1]]
  [1m[36mQuestionGroup Exists (0.2ms)[0m  [1m[34mSELECT  1 AS one FROM "question_groups" WHERE "question_groups"."order" = $1 LIMIT $2[0m  [["order", 6], ["LIMIT", 1]]
  [1m[35mSQL (0.3ms)[0m  [1m[32mINSERT INTO "question_groups" ("order", "topic", "created_at", "updated_at") VALUES ($1, $2, $3, $4) RETURNING "id"[0m  [["order", 6], ["topic", "Not Trans"], ["created_at", 2016-11-12 23:09:34 UTC], ["updated_at", 2016-11-12 23:09:34 UTC]]
  [1m[35m (0.3ms)[0m  [1m[35mCOMMIT[0m
  [1m[35m (0.1ms)[0m  [1m[35mBEGIN[0m
  [1m[36mQuestionGroup Exists (0.8ms)[0m  [1m[34mSELECT  1 AS one FROM "question_groups" WHERE "question_groups"."topic" = $1 LIMIT $2[0m  [["topic", "Not Citizen"], ["LIMIT", 1]]
  [1m[36mQuestionGroup Exists (0.4ms)[0m  [1m[34mSELECT  1 AS one FROM "question_groups" WHERE "question_groups"."order" = $1 LIMIT $2[0m  [["order", 7], ["LIMIT", 1]]
  [1m[35mSQL (0.4ms)[0m  [1m[32mINSERT INTO "question_groups" ("order", "topic", "created_at", "updated_at") VALUES ($1, $2, $3, $4) RETURNING "id"[0m  [["order", 7], ["topic", "Not Citizen"], ["created_at", 2016-11-12 23:09:34 UTC], ["updated_at", 2016-11-12 23:09:34 UTC]]
  [1m[35m (0.4ms)[0m  [1m[35mCOMMIT[0m
  [1m[36mActiveRecord::SchemaMigration Load (0.4ms)[0m  [1m[34mSELECT "schema_migrations".* FROM "schema_migrations"[0m
  [1m[35m (0.1ms)[0m  [1m[35mBEGIN[0m
  [1m[36mQuestionGroup Exists (0.6ms)[0m  [1m[34mSELECT  1 AS one FROM "question_groups" WHERE "question_groups"."topic" = $1 LIMIT $2[0m  [["topic", "Trans status"], ["LIMIT", 1]]
  [1m[36mQuestionGroup Exists (0.3ms)[0m  [1m[34mSELECT  1 AS one FROM "question_groups" WHERE "question_groups"."order" = $1 LIMIT $2[0m  [["order", 1], ["LIMIT", 1]]
  [1m[35m (6.2ms)[0m  [1m[31mROLLBACK[0m
  [1m[35m (0.1ms)[0m  [1m[35mBEGIN[0m
  [1m[36mQuestionGroup Exists (0.2ms)[0m  [1m[34mSELECT  1 AS one FROM "question_groups" WHERE "question_groups"."topic" = $1 LIMIT $2[0m  [["topic", "Citizenship"], ["LIMIT", 1]]
  [1m[36mQuestionGroup Exists (0.3ms)[0m  [1m[34mSELECT  1 AS one FROM "question_groups" WHERE "question_groups"."order" = $1 LIMIT $2[0m  [["order", 2], ["LIMIT", 1]]
  [1m[35m (0.1ms)[0m  [1m[31mROLLBACK[0m
  [1m[35m (0.1ms)[0m  [1m[35mBEGIN[0m
  [1m[36mQuestionGroup Exists (0.2ms)[0m  [1m[34mSELECT  1 AS one FROM "question_groups" WHERE "question_groups"."topic" = $1 LIMIT $2[0m  [["topic", "Birth country"], ["LIMIT", 1]]
  [1m[36mQuestionGroup Exists (0.3ms)[0m  [1m[34mSELECT  1 AS one FROM "question_groups" WHERE "question_groups"."order" = $1 LIMIT $2[0m  [["order", 3], ["LIMIT", 1]]
  [1m[35m (0.2ms)[0m  [1m[31mROLLBACK[0m
  [1m[35m (0.1ms)[0m  [1m[35mBEGIN[0m
  [1m[36mQuestionGroup Exists (0.3ms)[0m  [1m[34mSELECT  1 AS one FROM "question_groups" WHERE "question_groups"."topic" = $1 LIMIT $2[0m  [["topic", "Age"], ["LIMIT", 1]]
  [1m[36mQuestionGroup Exists (0.3ms)[0m  [1m[34mSELECT  1 AS one FROM "question_groups" WHERE "question_groups"."order" = $1 LIMIT $2[0m  [["order", 4], ["LIMIT", 1]]
  [1m[35m (0.1ms)[0m  [1m[31mROLLBACK[0m
  [1m[35m (0.1ms)[0m  [1m[35mBEGIN[0m
  [1m[36mQuestionGroup Exists (0.2ms)[0m  [1m[34mSELECT  1 AS one FROM "question_groups" WHERE "question_groups"."topic" = $1 LIMIT $2[0m  [["topic", "Passport"], ["LIMIT", 1]]
  [1m[36mQuestionGroup Exists (0.3ms)[0m  [1m[34mSELECT  1 AS one FROM "question_groups" WHERE "question_groups"."order" = $1 LIMIT $2[0m  [["order", 5], ["LIMIT", 1]]
  [1m[35m (0.1ms)[0m  [1m[31mROLLBACK[0m
  [1m[35m (0.1ms)[0m  [1m[35mBEGIN[0m
  [1m[36mQuestionGroup Exists (0.2ms)[0m  [1m[34mSELECT  1 AS one FROM "question_groups" WHERE "question_groups"."topic" = $1 LIMIT $2[0m  [["topic", "Not Trans"], ["LIMIT", 1]]
  [1m[36mQuestionGroup Exists (0.2ms)[0m  [1m[34mSELECT  1 AS one FROM "question_groups" WHERE "question_groups"."order" = $1 LIMIT $2[0m  [["order", 6], ["LIMIT", 1]]
  [1m[35m (0.1ms)[0m  [1m[31mROLLBACK[0m
  [1m[35m (0.1ms)[0m  [1m[35mBEGIN[0m
  [1m[36mQuestionGroup Exists (0.2ms)[0m  [1m[34mSELECT  1 AS one FROM "question_groups" WHERE "question_groups"."topic" = $1 LIMIT $2[0m  [["topic", "Not Citizen"], ["LIMIT", 1]]
  [1m[36mQuestionGroup Exists (0.2ms)[0m  [1m[34mSELECT  1 AS one FROM "question_groups" WHERE "question_groups"."order" = $1 LIMIT $2[0m  [["order", 7], ["LIMIT", 1]]
  [1m[35m (0.1ms)[0m  [1m[31mROLLBACK[0m
  [1m[35m (0.1ms)[0m  [1m[35mBEGIN[0m
  [1m[35mSQL (6.4ms)[0m  [1m[32mINSERT INTO "answers" ("answer_text", "question_group_id", "next_question_id", "answer_type", "created_at", "updated_at") VALUES ($1, $2, $3, $4, $5, $6) RETURNING "id"[0m  [["answer_text", "I identify as transgender and I would like to apply for a passport with my correct gender and name."], ["question_group_id", 1], ["next_question_id", 2], ["answer_type", "button"], ["created_at", 2016-11-12 23:10:14 UTC], ["updated_at", 2016-11-12 23:10:14 UTC]]
  [1m[35m (5.9ms)[0m  [1m[35mCOMMIT[0m
  [1m[35m (0.1ms)[0m  [1m[35mBEGIN[0m
  [1m[35mSQL (0.3ms)[0m  [1m[32mINSERT INTO "answers" ("answer_text", "question_group_id", "next_question_id", "answer_type", "created_at", "updated_at") VALUES ($1, $2, $3, $4, $5, $6) RETURNING "id"[0m  [["answer_text", "I identify as transgender and I would like to apply for a passport with my correct name, but I do not need to change the gender."], ["question_group_id", 1], ["next_question_id", 2], ["answer_type", "button"], ["created_at", 2016-11-12 23:10:14 UTC], ["updated_at", 2016-11-12 23:10:14 UTC]]
  [1m[35m (0.3ms)[0m  [1m[35mCOMMIT[0m
  [1m[35m (0.1ms)[0m  [1m[35mBEGIN[0m
  [1m[35mSQL (0.2ms)[0m  [1m[32mINSERT INTO "answers" ("answer_text", "question_group_id", "next_question_id", "answer_type", "created_at", "updated_at") VALUES ($1, $2, $3, $4, $5, $6) RETURNING "id"[0m  [["answer_text", "I am not transgender but I do need a passport."], ["question_group_id", 1], ["next_question_id", 6], ["answer_type", "button"], ["created_at", 2016-11-12 23:10:14 UTC], ["updated_at", 2016-11-12 23:10:14 UTC]]
  [1m[35m (0.3ms)[0m  [1m[35mCOMMIT[0m
  [1m[35m (0.1ms)[0m  [1m[35mBEGIN[0m
  [1m[35mSQL (0.2ms)[0m  [1m[32mINSERT INTO "answers" ("answer_text", "question_group_id", "next_question_id", "answer_type", "created_at", "updated_at") VALUES ($1, $2, $3, $4, $5, $6) RETURNING "id"[0m  [["answer_text", "I am a US citizen."], ["question_group_id", 2], ["next_question_id", 3], ["answer_type", "button"], ["created_at", 2016-11-12 23:10:14 UTC], ["updated_at", 2016-11-12 23:10:14 UTC]]
  [1m[35m (0.3ms)[0m  [1m[35mCOMMIT[0m
  [1m[35m (0.1ms)[0m  [1m[35mBEGIN[0m
  [1m[35mSQL (0.2ms)[0m  [1m[32mINSERT INTO "answers" ("answer_text", "question_group_id", "next_question_id", "answer_type", "created_at", "updated_at") VALUES ($1, $2, $3, $4, $5, $6) RETURNING "id"[0m  [["answer_text", "I am not US citizen."], ["question_group_id", 2], ["next_question_id", 7], ["answer_type", "button"], ["created_at", 2016-11-12 23:10:14 UTC], ["updated_at", 2016-11-12 23:10:14 UTC]]
  [1m[35m (0.3ms)[0m  [1m[35mCOMMIT[0m
  [1m[35m (0.1ms)[0m  [1m[35mBEGIN[0m
  [1m[35mSQL (0.2ms)[0m  [1m[32mINSERT INTO "answers" ("answer_text", "question_group_id", "next_question_id", "answer_type", "created_at", "updated_at") VALUES ($1, $2, $3, $4, $5, $6) RETURNING "id"[0m  [["answer_text", "I was born in the United States."], ["question_group_id", 3], ["next_question_id", 4], ["answer_type", "button"], ["created_at", 2016-11-12 23:10:14 UTC], ["updated_at", 2016-11-12 23:10:14 UTC]]
  [1m[35m (0.3ms)[0m  [1m[35mCOMMIT[0m
  [1m[35m (0.2ms)[0m  [1m[35mBEGIN[0m
  [1m[35mSQL (0.3ms)[0m  [1m[32mINSERT INTO "answers" ("answer_text", "question_group_id", "next_question_id", "answer_type", "created_at", "updated_at") VALUES ($1, $2, $3, $4, $5, $6) RETURNING "id"[0m  [["answer_text", "I was not born in the United States."], ["question_group_id", 3], ["next_question_id", 4], ["answer_type", "button"], ["created_at", 2016-11-12 23:10:14 UTC], ["updated_at", 2016-11-12 23:10:14 UTC]]
  [1m[35m (0.3ms)[0m  [1m[35mCOMMIT[0m
  [1m[35m (0.1ms)[0m  [1m[35mBEGIN[0m
  [1m[35mSQL (0.2ms)[0m  [1m[32mINSERT INTO "answers" ("answer_text", "question_group_id", "answer_type", "created_at", "updated_at") VALUES ($1, $2, $3, $4, $5) RETURNING "id"[0m  [["answer_text", "This tool is specifically for transgender Americans. Please visit the <a href='https://travel.state.gov/content/passports/en/passports/apply.html'>State Department website</a> for more information about getting a passport."], ["question_group_id", 6], ["answer_type", "text"], ["created_at", 2016-11-12 23:10:14 UTC], ["updated_at", 2016-11-12 23:10:14 UTC]]
  [1m[35m (0.3ms)[0m  [1m[35mCOMMIT[0m
  [1m[35m (0.1ms)[0m  [1m[35mBEGIN[0m
  [1m[35mSQL (0.3ms)[0m  [1m[32mINSERT INTO "answers" ("answer_text", "question_group_id", "answer_type", "created_at", "updated_at") VALUES ($1, $2, $3, $4, $5) RETURNING "id"[0m  [["answer_text", "This tool is specifically for transgender Americans. Please visit the <a href='https://www.uscis.gov/citizenship/learners/apply-citizenship'>USCIS website</a> for more information about becoming a US citizen."], ["question_group_id", 7], ["answer_type", "button"], ["created_at", 2016-11-12 23:10:14 UTC], ["updated_at", 2016-11-12 23:10:14 UTC]]
  [1m[35m (0.3ms)[0m  [1m[35mCOMMIT[0m
  [1m[36mQuestionGroup Load (6.6ms)[0m  [1m[34mSELECT  "question_groups".* FROM "question_groups" ORDER BY "question_groups"."id" ASC LIMIT $1[0m  [["LIMIT", 1]]
  [1m[36mQuestionGroup Load (2.4ms)[0m  [1m[34mSELECT  "question_groups".* FROM "question_groups" ORDER BY "question_groups"."id" ASC LIMIT $1[0m  [["LIMIT", 1]]
  [1m[36mAnswer Load (0.3ms)[0m  [1m[34mSELECT "answers".* FROM "answers" WHERE "answers"."question_group_id" = $1[0m  [["question_group_id", 1]]
Started GET "/api/v1/questions" for ::1 at 2016-11-12 17:16:29 -0600
  [1m[36mActiveRecord::SchemaMigration Load (0.8ms)[0m  [1m[34mSELECT "schema_migrations".* FROM "schema_migrations"[0m
Started GET "/" for ::1 at 2016-11-12 17:16:40 -0600
Processing by Rails::WelcomeController#index as HTML
  Parameters: {"internal"=>true}
  Rendering /Users/arieldiamond/.rvm/gems/ruby-2.3.0/gems/railties-5.0.0.1/lib/rails/templates/rails/welcome/index.html.erb
  Rendered /Users/arieldiamond/.rvm/gems/ruby-2.3.0/gems/railties-5.0.0.1/lib/rails/templates/rails/welcome/index.html.erb (5.0ms)
Completed 200 OK in 16ms (Views: 12.3ms | ActiveRecord: 0.0ms)


Started GET "/api/v1/questions" for ::1 at 2016-11-12 17:18:04 -0600
  [1m[36mQuestionGroup Load (0.5ms)[0m  [1m[34mSELECT "question_groups".* FROM "question_groups"[0m
  [1m[36mAnswer Load (0.3ms)[0m  [1m[34mSELECT "answers".* FROM "answers" WHERE "answers"."question_group_id" = $1[0m  [["question_group_id", 1]]
  [1m[36mAnswer Load (0.3ms)[0m  [1m[34mSELECT "answers".* FROM "answers" WHERE "answers"."question_group_id" = $1[0m  [["question_group_id", 2]]
  [1m[36mAnswer Load (0.2ms)[0m  [1m[34mSELECT "answers".* FROM "answers" WHERE "answers"."question_group_id" = $1[0m  [["question_group_id", 3]]
  [1m[36mAnswer Load (0.2ms)[0m  [1m[34mSELECT "answers".* FROM "answers" WHERE "answers"."question_group_id" = $1[0m  [["question_group_id", 4]]
  [1m[36mAnswer Load (0.3ms)[0m  [1m[34mSELECT "answers".* FROM "answers" WHERE "answers"."question_group_id" = $1[0m  [["question_group_id", 5]]
  [1m[36mAnswer Load (0.2ms)[0m  [1m[34mSELECT "answers".* FROM "answers" WHERE "answers"."question_group_id" = $1[0m  [["question_group_id", 6]]
  [1m[36mAnswer Load (0.1ms)[0m  [1m[34mSELECT "answers".* FROM "answers" WHERE "answers"."question_group_id" = $1[0m  [["question_group_id", 7]]
Started GET "/swagger" for ::1 at 2016-11-12 17:19:03 -0600
DEPRECATION WARNING: before_filter is deprecated and will be removed in Rails 5.1. Use before_action instead. (called from block (2 levels) in <module:ClassMethods> at /Users/arieldiamond/.rvm/gems/ruby-2.3.0/gems/actionpack-5.0.0.1/lib/abstract_controller/callbacks.rb:191)
Processing by GrapeSwaggerRails::ApplicationController#index as HTML
  Rendering /Users/arieldiamond/.rvm/gems/ruby-2.3.0/gems/grape-swagger-rails-0.2.0/app/views/grape_swagger_rails/application/index.html.erb
  Rendered /Users/arieldiamond/.rvm/gems/ruby-2.3.0/gems/grape-swagger-rails-0.2.0/app/views/grape_swagger_rails/application/index.html.erb (448.8ms)
Completed 200 OK in 455ms (Views: 452.2ms | ActiveRecord: 0.0ms)


Started GET "/swagger/localhost:3000/swagger_doc" for ::1 at 2016-11-12 17:19:26 -0600
Started GET "/swagger_doc" for ::1 at 2016-11-12 17:19:37 -0600
Started GET "/swagger_doc/questions.json" for ::1 at 2016-11-12 17:19:37 -0600
Started GET "/api/v1/questions.json" for ::1 at 2016-11-12 17:19:55 -0600
  [1m[36mQuestionGroup Load (0.3ms)[0m  [1m[34mSELECT "question_groups".* FROM "question_groups"[0m
  [1m[36mAnswer Load (0.3ms)[0m  [1m[34mSELECT "answers".* FROM "answers" WHERE "answers"."question_group_id" = $1[0m  [["question_group_id", 1]]
  [1m[36mAnswer Load (0.2ms)[0m  [1m[34mSELECT "answers".* FROM "answers" WHERE "answers"."question_group_id" = $1[0m  [["question_group_id", 2]]
  [1m[36mAnswer Load (0.3ms)[0m  [1m[34mSELECT "answers".* FROM "answers" WHERE "answers"."question_group_id" = $1[0m  [["question_group_id", 3]]
  [1m[36mAnswer Load (0.1ms)[0m  [1m[34mSELECT "answers".* FROM "answers" WHERE "answers"."question_group_id" = $1[0m  [["question_group_id", 4]]
  [1m[36mAnswer Load (0.2ms)[0m  [1m[34mSELECT "answers".* FROM "answers" WHERE "answers"."question_group_id" = $1[0m  [["question_group_id", 5]]
  [1m[36mAnswer Load (0.2ms)[0m  [1m[34mSELECT "answers".* FROM "answers" WHERE "answers"."question_group_id" = $1[0m  [["question_group_id", 6]]
  [1m[36mAnswer Load (0.2ms)[0m  [1m[34mSELECT "answers".* FROM "answers" WHERE "answers"."question_group_id" = $1[0m  [["question_group_id", 7]]
